[debug] [2023-09-27T14:53:23.904Z] ----------------------------------------------------------------------
[debug] [2023-09-27T14:53:23.908Z] Command:       C:\Program Files\nodejs\node.exe C:\Users\sebat\AppData\Roaming\npm\node_modules\firebase-tools\lib\bin\firebase.js use --add
[debug] [2023-09-27T14:53:23.909Z] CLI Version:   11.22.0
[debug] [2023-09-27T14:53:23.909Z] Platform:      win32
[debug] [2023-09-27T14:53:23.909Z] Node Version:  v16.16.0
[debug] [2023-09-27T14:53:23.910Z] Time:          Wed Sep 27 2023 16:53:23 GMT+0200 (South Africa Standard Time)
[debug] [2023-09-27T14:53:23.910Z] ----------------------------------------------------------------------
[debug] 
[debug] [2023-09-27T14:53:23.969Z] > command requires scopes: ["email","openid","https://www.googleapis.com/auth/cloudplatformprojects.readonly","https://www.googleapis.com/auth/firebase","https://www.googleapis.com/auth/cloud-platform"]
[debug] [2023-09-27T14:53:23.970Z] > authorizing via signed-in user (sebatanebafedile@gmail.com)
[debug] [2023-09-27T14:53:23.971Z] > refreshing access token with scopes: []
[debug] [2023-09-27T14:53:23.972Z] >>> [apiv2][query] POST https://www.googleapis.com/oauth2/v3/token [none]
[debug] [2023-09-27T14:53:23.972Z] >>> [apiv2][body] POST https://www.googleapis.com/oauth2/v3/token [omitted]
[debug] [2023-09-27T14:53:24.457Z] <<< [apiv2][status] POST https://www.googleapis.com/oauth2/v3/token 400
[debug] [2023-09-27T14:53:24.457Z] <<< [apiv2][body] POST https://www.googleapis.com/oauth2/v3/token [omitted]
[debug] [2023-09-27T14:53:24.458Z] >>> [apiv2][query] GET https://firebase.googleapis.com/v1beta1/projects pageSize=1000
[debug] [2023-09-27T14:53:24.905Z] <<< [apiv2][status] GET https://firebase.googleapis.com/v1beta1/projects 401
[debug] [2023-09-27T14:53:24.906Z] <<< [apiv2][body] GET https://firebase.googleapis.com/v1beta1/projects [omitted]
[debug] [2023-09-27T14:53:24.908Z] HTTP Error: 401, Request had invalid authentication credentials. Expected OAuth 2 access token, login cookie or other valid authentication credential. See https://developers.google.com/identity/sign-in/web/devconsole-project.
[debug] [2023-09-27T14:53:25.354Z] FirebaseError: HTTP Error: 401, Request had invalid authentication credentials. Expected OAuth 2 access token, login cookie or other valid authentication credential. See https://developers.google.com/identity/sign-in/web/devconsole-project.
    at responseToError (C:\Users\sebat\AppData\Roaming\npm\node_modules\firebase-tools\lib\responseToError.js:49:12)
    at RetryOperation._fn (C:\Users\sebat\AppData\Roaming\npm\node_modules\firebase-tools\lib\apiv2.js:288:77)
    at processTicksAndRejections (node:internal/process/task_queues:96:5)
[error] 
[error] Error: Failed to list Firebase projects. See firebase-debug.log for more info.
[debug] [2023-09-27T14:53:38.514Z] ----------------------------------------------------------------------
[debug] [2023-09-27T14:53:38.516Z] Command:       C:\Program Files\nodejs\node.exe C:\Users\sebat\AppData\Roaming\npm\node_modules\firebase-tools\lib\bin\firebase.js deploy
[debug] [2023-09-27T14:53:38.516Z] CLI Version:   11.22.0
[debug] [2023-09-27T14:53:38.516Z] Platform:      win32
[debug] [2023-09-27T14:53:38.516Z] Node Version:  v16.16.0
[debug] [2023-09-27T14:53:38.517Z] Time:          Wed Sep 27 2023 16:53:38 GMT+0200 (South Africa Standard Time)
[debug] [2023-09-27T14:53:38.517Z] ----------------------------------------------------------------------
[debug] 
[debug] [2023-09-27T14:53:38.575Z] > command requires scopes: ["email","openid","https://www.googleapis.com/auth/cloudplatformprojects.readonly","https://www.googleapis.com/auth/firebase","https://www.googleapis.com/auth/cloud-platform"]
[debug] [2023-09-27T14:53:38.576Z] > authorizing via signed-in user (sebatanebafedile@gmail.com)
[debug] [2023-09-27T14:53:38.576Z] [iam] checking project dimakatsoportfolio for permissions ["firebase.projects.get","firebasehosting.sites.update"]
[debug] [2023-09-27T14:53:38.577Z] > refreshing access token with scopes: []
[debug] [2023-09-27T14:53:38.578Z] >>> [apiv2][query] POST https://www.googleapis.com/oauth2/v3/token [none]
[debug] [2023-09-27T14:53:38.578Z] >>> [apiv2][body] POST https://www.googleapis.com/oauth2/v3/token [omitted]
[debug] [2023-09-27T14:53:39.081Z] <<< [apiv2][status] POST https://www.googleapis.com/oauth2/v3/token 400
[debug] [2023-09-27T14:53:39.081Z] <<< [apiv2][body] POST https://www.googleapis.com/oauth2/v3/token [omitted]
[debug] [2023-09-27T14:53:39.081Z] >>> [apiv2][query] POST https://cloudresourcemanager.googleapis.com/v1/projects/dimakatsoportfolio:testIamPermissions [none]
[debug] [2023-09-27T14:53:39.081Z] >>> [apiv2][(partial)header] POST https://cloudresourcemanager.googleapis.com/v1/projects/dimakatsoportfolio:testIamPermissions x-goog-quota-user=projects/dimakatsoportfolio
[debug] [2023-09-27T14:53:39.081Z] >>> [apiv2][body] POST https://cloudresourcemanager.googleapis.com/v1/projects/dimakatsoportfolio:testIamPermissions {"permissions":["firebase.projects.get","firebasehosting.sites.update"]}
[debug] [2023-09-27T14:53:40.938Z] <<< [apiv2][status] POST https://cloudresourcemanager.googleapis.com/v1/projects/dimakatsoportfolio:testIamPermissions 401
[debug] [2023-09-27T14:53:40.938Z] <<< [apiv2][body] POST https://cloudresourcemanager.googleapis.com/v1/projects/dimakatsoportfolio:testIamPermissions {"error":{"code":401,"message":"Request had invalid authentication credentials. Expected OAuth 2 access token, login cookie or other valid authentication credential. See https://developers.google.com/identity/sign-in/web/devconsole-project.","status":"UNAUTHENTICATED","details":[{"@type":"type.googleapis.com/google.rpc.ErrorInfo","reason":"ACCESS_TOKEN_TYPE_UNSUPPORTED","metadata":{"method":"google.cloudresourcemanager.v1.Projects.TestIamPermissions","service":"cloudresourcemanager.googleapis.com"}}]}}
[debug] [2023-09-27T14:53:40.940Z] [iam] error while checking permissions, command may fail: FirebaseError: HTTP Error: 401, Request had invalid authentication credentials. Expected OAuth 2 access token, login cookie or other valid authentication credential. See https://developers.google.com/identity/sign-in/web/devconsole-project.
[debug] [2023-09-27T14:53:40.940Z] > refreshing access token with scopes: []
[debug] [2023-09-27T14:53:40.941Z] >>> [apiv2][query] POST https://www.googleapis.com/oauth2/v3/token [none]
[debug] [2023-09-27T14:53:40.941Z] >>> [apiv2][body] POST https://www.googleapis.com/oauth2/v3/token [omitted]
[debug] [2023-09-27T14:53:41.404Z] <<< [apiv2][status] POST https://www.googleapis.com/oauth2/v3/token 400
[debug] [2023-09-27T14:53:41.405Z] <<< [apiv2][body] POST https://www.googleapis.com/oauth2/v3/token [omitted]
[debug] [2023-09-27T14:53:41.406Z] >>> [apiv2][query] GET https://firebase.googleapis.com/v1beta1/projects/dimakatsoportfolio [none]
[debug] [2023-09-27T14:53:41.850Z] <<< [apiv2][status] GET https://firebase.googleapis.com/v1beta1/projects/dimakatsoportfolio 401
[debug] [2023-09-27T14:53:41.851Z] <<< [apiv2][body] GET https://firebase.googleapis.com/v1beta1/projects/dimakatsoportfolio {"error":{"code":401,"message":"Request had invalid authentication credentials. Expected OAuth 2 access token, login cookie or other valid authentication credential. See https://developers.google.com/identity/sign-in/web/devconsole-project.","status":"UNAUTHENTICATED"}}
[debug] [2023-09-27T14:53:41.851Z] HTTP Error: 401, Request had invalid authentication credentials. Expected OAuth 2 access token, login cookie or other valid authentication credential. See https://developers.google.com/identity/sign-in/web/devconsole-project.
[debug] [2023-09-27T14:53:42.399Z] FirebaseError: HTTP Error: 401, Request had invalid authentication credentials. Expected OAuth 2 access token, login cookie or other valid authentication credential. See https://developers.google.com/identity/sign-in/web/devconsole-project.
    at responseToError (C:\Users\sebat\AppData\Roaming\npm\node_modules\firebase-tools\lib\responseToError.js:49:12)
    at RetryOperation._fn (C:\Users\sebat\AppData\Roaming\npm\node_modules\firebase-tools\lib\apiv2.js:288:77)
    at processTicksAndRejections (node:internal/process/task_queues:96:5)
[error] 
[error] Error: Failed to get Firebase project dimakatsoportfolio. Please make sure the project exists and your account has permission to access it.
